2023-12-11T12:21:43.312+03:00  INFO 7948 --- [restartedMain] vit.projects.hudeem.HudeemApplication    : Starting HudeemApplication using Java 20.0.1 with PID 7948 (E:\Projects\VitRepo\hudeem\build\classes\java\main started by adria in E:\Projects\VitRepo\hudeem)
2023-12-11T12:21:43.323+03:00  INFO 7948 --- [restartedMain] vit.projects.hudeem.HudeemApplication    : No active profile set, falling back to 1 default profile: "default"
2023-12-11T12:21:43.411+03:00  INFO 7948 --- [restartedMain] .e.DevToolsPropertyDefaultsPostProcessor : Devtools property defaults active! Set 'spring.devtools.add-properties' to 'false' to disable
2023-12-11T12:21:43.411+03:00  INFO 7948 --- [restartedMain] .e.DevToolsPropertyDefaultsPostProcessor : For additional web related logging consider setting the 'logging.level.web' property to 'DEBUG'
2023-12-11T12:21:44.967+03:00  INFO 7948 --- [restartedMain] .s.d.r.c.RepositoryConfigurationDelegate : Bootstrapping Spring Data JPA repositories in DEFAULT mode.
2023-12-11T12:21:45.062+03:00  INFO 7948 --- [restartedMain] .s.d.r.c.RepositoryConfigurationDelegate : Finished Spring Data repository scanning in 84 ms. Found 4 JPA repository interfaces.
2023-12-11T12:21:46.150+03:00  INFO 7948 --- [restartedMain] o.s.b.w.embedded.tomcat.TomcatWebServer  : Tomcat initialized with port(s): 9090 (http)
2023-12-11T12:21:46.163+03:00  INFO 7948 --- [restartedMain] o.apache.catalina.core.StandardService   : Starting service [Tomcat]
2023-12-11T12:21:46.163+03:00  INFO 7948 --- [restartedMain] o.apache.catalina.core.StandardEngine    : Starting Servlet engine: [Apache Tomcat/10.1.8]
2023-12-11T12:21:46.254+03:00  INFO 7948 --- [restartedMain] o.a.c.c.C.[Tomcat].[localhost].[/]       : Initializing Spring embedded WebApplicationContext
2023-12-11T12:21:46.255+03:00  INFO 7948 --- [restartedMain] w.s.c.ServletWebServerApplicationContext : Root WebApplicationContext: initialization completed in 2838 ms
2023-12-11T12:21:46.437+03:00 DEBUG 7948 --- [restartedMain] o.s.w.f.CommonsRequestLoggingFilter      : Filter 'logFilter' configured for use
2023-12-11T12:21:46.617+03:00  INFO 7948 --- [restartedMain] o.hibernate.jpa.internal.util.LogHelper  : HHH000204: Processing PersistenceUnitInfo [name: default]
2023-12-11T12:21:46.720+03:00  INFO 7948 --- [restartedMain] org.hibernate.Version                    : HHH000412: Hibernate ORM core version 6.2.2.Final
2023-12-11T12:21:46.723+03:00  INFO 7948 --- [restartedMain] org.hibernate.cfg.Environment            : HHH000406: Using bytecode reflection optimizer
2023-12-11T12:21:46.975+03:00  INFO 7948 --- [restartedMain] o.h.b.i.BytecodeProviderInitiator        : HHH000021: Bytecode provider name : bytebuddy
2023-12-11T12:21:47.194+03:00  INFO 7948 --- [restartedMain] o.s.o.j.p.SpringPersistenceUnitInfo      : No LoadTimeWeaver setup: ignoring JPA class transformer
2023-12-11T12:21:47.218+03:00  INFO 7948 --- [restartedMain] com.zaxxer.hikari.HikariDataSource       : HikariPool-1 - Starting...
2023-12-11T12:21:47.765+03:00  INFO 7948 --- [restartedMain] com.zaxxer.hikari.pool.HikariPool        : HikariPool-1 - Added connection com.mysql.cj.jdbc.ConnectionImpl@cc96e3a
2023-12-11T12:21:47.768+03:00  INFO 7948 --- [restartedMain] com.zaxxer.hikari.HikariDataSource       : HikariPool-1 - Start completed.
2023-12-11T12:21:47.847+03:00  INFO 7948 --- [restartedMain] org.hibernate.orm.dialect                : HHH035001: Using dialect: org.hibernate.dialect.MySQLDialect, version: 5.7.32
2023-12-11T12:21:48.242+03:00  INFO 7948 --- [restartedMain] o.h.b.i.BytecodeProviderInitiator        : HHH000021: Bytecode provider name : bytebuddy
2023-12-11T12:21:49.326+03:00  INFO 7948 --- [restartedMain] o.h.e.t.j.p.i.JtaPlatformInitiator       : HHH000490: Using JtaPlatform implementation: [org.hibernate.engine.transaction.jta.platform.internal.NoJtaPlatform]
2023-12-11T12:21:49.627+03:00  INFO 7948 --- [restartedMain] j.LocalContainerEntityManagerFactoryBean : Initialized JPA EntityManagerFactory for persistence unit 'default'
2023-12-11T12:21:50.180+03:00  WARN 7948 --- [restartedMain] JpaBaseConfiguration$JpaWebConfiguration : spring.jpa.open-in-view is enabled by default. Therefore, database queries may be performed during view rendering. Explicitly configure spring.jpa.open-in-view to disable this warning
2023-12-11T12:21:50.803+03:00  INFO 7948 --- [restartedMain] o.s.b.d.a.OptionalLiveReloadServer       : LiveReload server is running on port 35729
2023-12-11T12:21:50.811+03:00  INFO 7948 --- [restartedMain] o.s.b.a.e.web.EndpointLinksResolver      : Exposing 1 endpoint(s) beneath base path '/actuator'
2023-12-11T12:21:50.931+03:00  INFO 7948 --- [restartedMain] o.s.b.w.embedded.tomcat.TomcatWebServer  : Tomcat started on port(s): 9090 (http) with context path ''
2023-12-11T12:21:50.956+03:00  INFO 7948 --- [restartedMain] vit.projects.hudeem.HudeemApplication    : Started HudeemApplication in 8.2 seconds (process running for 9.711)
2023-12-11T12:21:51.500+03:00  INFO 7948 --- [RMI TCP Connection(2)-172.26.48.1] o.a.c.c.C.[Tomcat].[localhost].[/]       : Initializing Spring DispatcherServlet 'dispatcherServlet'
2023-12-11T12:21:51.501+03:00  INFO 7948 --- [RMI TCP Connection(2)-172.26.48.1] o.s.web.servlet.DispatcherServlet        : Initializing Servlet 'dispatcherServlet'
2023-12-11T12:21:51.502+03:00  INFO 7948 --- [RMI TCP Connection(2)-172.26.48.1] o.s.web.servlet.DispatcherServlet        : Completed initialization in 1 ms
2023-12-11T12:21:52.614+03:00 DEBUG 7948 --- [http-nio-9090-exec-2] o.s.w.f.CommonsRequestLoggingFilter      : Before request [POST /goal]
2023-12-11T12:21:52.857+03:00 DEBUG 7948 --- [http-nio-9090-exec-2] o.s.w.f.CommonsRequestLoggingFilter      : REQUEST DATA: POST /goal, payload={
    "initialWeight": 85,
    "goalWeight": 50,
    "userId": 1
}]
2023-12-11T12:21:57.831+03:00 DEBUG 7948 --- [http-nio-9090-exec-3] o.s.w.f.CommonsRequestLoggingFilter      : Before request [POST /record]
2023-12-11T12:21:57.869+03:00 ERROR 7948 --- [http-nio-9090-exec-3] v.p.hudeem.handler.RestExceptionHandler  : No value present
2023-12-11T12:21:57.878+03:00  WARN 7948 --- [http-nio-9090-exec-3] .m.m.a.ExceptionHandlerExceptionResolver : Resolved [java.util.NoSuchElementException: No value present]
2023-12-11T12:21:57.878+03:00 DEBUG 7948 --- [http-nio-9090-exec-3] o.s.w.f.CommonsRequestLoggingFilter      : REQUEST DATA: POST /record, payload={
  "currentWeight": 54,
  "date": "2023-10-09",
  "goalId" : 1
}]
2023-12-11T12:21:59.788+03:00 DEBUG 7948 --- [http-nio-9090-exec-5] o.s.w.f.CommonsRequestLoggingFilter      : Before request [POST /record]
2023-12-11T12:21:59.822+03:00 ERROR 7948 --- [http-nio-9090-exec-5] v.p.hudeem.handler.RestExceptionHandler  : No value present
2023-12-11T12:21:59.823+03:00  WARN 7948 --- [http-nio-9090-exec-5] .m.m.a.ExceptionHandlerExceptionResolver : Resolved [java.util.NoSuchElementException: No value present]
2023-12-11T12:21:59.824+03:00 DEBUG 7948 --- [http-nio-9090-exec-5] o.s.w.f.CommonsRequestLoggingFilter      : REQUEST DATA: POST /record, payload={
  "currentWeight": 54,
  "date": "2023-10-09",
  "goalId" : 1
}]
2023-12-11T12:22:14.324+03:00 DEBUG 7948 --- [http-nio-9090-exec-7] o.s.w.f.CommonsRequestLoggingFilter      : Before request [POST /record]
2023-12-11T12:22:14.337+03:00  WARN 7948 --- [http-nio-9090-exec-7] .m.m.a.ExceptionHandlerExceptionResolver : Resolved [org.springframework.http.converter.HttpMessageNotReadableException: JSON parse error: Cannot deserialize value of type `java.time.LocalDate` from String "2023-10-010": Failed to deserialize java.time.LocalDate: (java.time.format.DateTimeParseException) Text '2023-10-010' could not be parsed, unparsed text found at index 10]
2023-12-11T12:22:14.339+03:00 DEBUG 7948 --- [http-nio-9090-exec-7] o.s.w.f.CommonsRequestLoggingFilter      : REQUEST DATA: POST /record, payload={
  "currentWeight": 54,
  "date": "2023-10-010",
  "goalId" : 1
}]
2023-12-11T12:22:17.645+03:00 DEBUG 7948 --- [http-nio-9090-exec-8] o.s.w.f.CommonsRequestLoggingFilter      : Before request [POST /record]
2023-12-11T12:22:17.680+03:00 ERROR 7948 --- [http-nio-9090-exec-8] v.p.hudeem.handler.RestExceptionHandler  : No value present
2023-12-11T12:22:17.681+03:00  WARN 7948 --- [http-nio-9090-exec-8] .m.m.a.ExceptionHandlerExceptionResolver : Resolved [java.util.NoSuchElementException: No value present]
2023-12-11T12:22:17.681+03:00 DEBUG 7948 --- [http-nio-9090-exec-8] o.s.w.f.CommonsRequestLoggingFilter      : REQUEST DATA: POST /record, payload={
  "currentWeight": 54,
  "date": "2023-10-10",
  "goalId" : 1
}]
2023-12-11T12:22:46.392+03:00 DEBUG 7948 --- [http-nio-9090-exec-1] o.s.w.f.CommonsRequestLoggingFilter      : Before request [POST /record]
2023-12-11T12:22:46.464+03:00 ERROR 7948 --- [http-nio-9090-exec-1] v.p.hudeem.handler.RestExceptionHandler  : No value present
2023-12-11T12:22:46.465+03:00  WARN 7948 --- [http-nio-9090-exec-1] .m.m.a.ExceptionHandlerExceptionResolver : Resolved [java.util.NoSuchElementException: No value present]
2023-12-11T12:22:46.466+03:00 DEBUG 7948 --- [http-nio-9090-exec-1] o.s.w.f.CommonsRequestLoggingFilter      : REQUEST DATA: POST /record, payload={
  "currentWeight": 54,
  "date": "2023-10-10",
  "goalId" : 2
}]
2023-12-11T12:22:54.835+03:00 DEBUG 7948 --- [http-nio-9090-exec-3] o.s.w.f.CommonsRequestLoggingFilter      : Before request [POST /record]
2023-12-11T12:22:54.866+03:00 ERROR 7948 --- [http-nio-9090-exec-3] v.p.hudeem.handler.RestExceptionHandler  : The given id must not be null
2023-12-11T12:22:54.867+03:00  WARN 7948 --- [http-nio-9090-exec-3] .m.m.a.ExceptionHandlerExceptionResolver : Resolved [org.springframework.dao.InvalidDataAccessApiUsageException: The given id must not be null]
2023-12-11T12:22:54.868+03:00 DEBUG 7948 --- [http-nio-9090-exec-3] o.s.w.f.CommonsRequestLoggingFilter      : REQUEST DATA: POST /record, payload={
  "currentWeight": 54,
  "date": "2023-10-10",
  "id" : 2
}]
2023-12-11T12:23:01.190+03:00 DEBUG 7948 --- [http-nio-9090-exec-5] o.s.w.f.CommonsRequestLoggingFilter      : Before request [POST /record]
2023-12-11T12:23:01.234+03:00 ERROR 7948 --- [http-nio-9090-exec-5] v.p.hudeem.handler.RestExceptionHandler  : Запись с указанной датой уже существует
2023-12-11T12:23:01.235+03:00  WARN 7948 --- [http-nio-9090-exec-5] .m.m.a.ExceptionHandlerExceptionResolver : Resolved [vit.projects.hudeem.exceptions.ValidationException: Запись с указанной датой уже существует]
2023-12-11T12:23:01.236+03:00 DEBUG 7948 --- [http-nio-9090-exec-5] o.s.w.f.CommonsRequestLoggingFilter      : REQUEST DATA: POST /record, payload={
  "currentWeight": 54,
  "date": "2023-10-10",
  "goalId" : 2
}]
2023-12-11T12:23:05.572+03:00 DEBUG 7948 --- [http-nio-9090-exec-7] o.s.w.f.CommonsRequestLoggingFilter      : Before request [POST /record]
2023-12-11T12:23:05.672+03:00 DEBUG 7948 --- [http-nio-9090-exec-7] o.s.w.f.CommonsRequestLoggingFilter      : REQUEST DATA: POST /record, payload={
  "currentWeight": 54,
  "date": "2023-10-12",
  "goalId" : 2
}]
2023-12-11T12:23:29.349+03:00 DEBUG 7948 --- [http-nio-9090-exec-9] o.s.w.f.CommonsRequestLoggingFilter      : Before request [GET /goal?id=2]
2023-12-11T12:23:29.476+03:00 DEBUG 7948 --- [http-nio-9090-exec-9] o.s.w.f.CommonsRequestLoggingFilter      : REQUEST DATA: GET /goal?id=2]
2023-12-11T12:35:09.648+03:00  INFO 7948 --- [File Watcher] rtingClassPathChangeChangedEventListener : Restarting due to 5 class path changes (0 additions, 5 deletions, 0 modifications)
2023-12-11T12:35:09.671+03:00  INFO 7948 --- [Thread-5] o.apache.catalina.core.StandardService   : Stopping service [Tomcat]
2023-12-11T12:35:09.672+03:00  INFO 7948 --- [Thread-5] o.a.c.c.C.[Tomcat].[localhost].[/]       : Destroying Spring FrameworkServlet 'dispatcherServlet'
2023-12-11T12:35:09.683+03:00  INFO 7948 --- [Thread-5] j.LocalContainerEntityManagerFactoryBean : Closing JPA EntityManagerFactory for persistence unit 'default'
2023-12-11T12:35:09.687+03:00  INFO 7948 --- [Thread-5] com.zaxxer.hikari.HikariDataSource       : HikariPool-1 - Shutdown initiated...
2023-12-11T12:35:09.693+03:00  INFO 7948 --- [Thread-5] com.zaxxer.hikari.HikariDataSource       : HikariPool-1 - Shutdown completed.
2023-12-11T12:35:09.805+03:00  INFO 7948 --- [restartedMain] vit.projects.hudeem.HudeemApplication    : Starting HudeemApplication using Java 20.0.1 with PID 7948 (E:\Projects\VitRepo\hudeem\build\classes\java\main started by adria in E:\Projects\VitRepo\hudeem)
2023-12-11T12:35:09.806+03:00  INFO 7948 --- [restartedMain] vit.projects.hudeem.HudeemApplication    : No active profile set, falling back to 1 default profile: "default"
2023-12-11T12:35:10.323+03:00  INFO 7948 --- [restartedMain] .s.d.r.c.RepositoryConfigurationDelegate : Bootstrapping Spring Data JPA repositories in DEFAULT mode.
2023-12-11T12:35:10.352+03:00  INFO 7948 --- [restartedMain] .s.d.r.c.RepositoryConfigurationDelegate : Finished Spring Data repository scanning in 28 ms. Found 4 JPA repository interfaces.
2023-12-11T12:35:10.896+03:00  INFO 7948 --- [restartedMain] o.s.b.w.embedded.tomcat.TomcatWebServer  : Tomcat initialized with port(s): 9090 (http)
2023-12-11T12:35:10.897+03:00  INFO 7948 --- [restartedMain] o.apache.catalina.core.StandardService   : Starting service [Tomcat]
2023-12-11T12:35:10.898+03:00  INFO 7948 --- [restartedMain] o.apache.catalina.core.StandardEngine    : Starting Servlet engine: [Apache Tomcat/10.1.8]
2023-12-11T12:35:10.985+03:00  INFO 7948 --- [restartedMain] o.a.c.c.C.[Tomcat].[localhost].[/]       : Initializing Spring embedded WebApplicationContext
2023-12-11T12:35:10.985+03:00  INFO 7948 --- [restartedMain] w.s.c.ServletWebServerApplicationContext : Root WebApplicationContext: initialization completed in 1175 ms
2023-12-11T12:35:11.072+03:00 DEBUG 7948 --- [restartedMain] o.s.w.f.CommonsRequestLoggingFilter      : Filter 'logFilter' configured for use
2023-12-11T12:35:11.129+03:00  INFO 7948 --- [restartedMain] o.hibernate.jpa.internal.util.LogHelper  : HHH000204: Processing PersistenceUnitInfo [name: default]
2023-12-11T12:35:11.139+03:00  INFO 7948 --- [restartedMain] o.h.b.i.BytecodeProviderInitiator        : HHH000021: Bytecode provider name : bytebuddy
2023-12-11T12:35:11.139+03:00  INFO 7948 --- [restartedMain] o.s.o.j.p.SpringPersistenceUnitInfo      : No LoadTimeWeaver setup: ignoring JPA class transformer
2023-12-11T12:35:11.141+03:00  INFO 7948 --- [restartedMain] com.zaxxer.hikari.HikariDataSource       : HikariPool-2 - Starting...
2023-12-11T12:35:11.233+03:00  INFO 7948 --- [restartedMain] com.zaxxer.hikari.pool.HikariPool        : HikariPool-2 - Added connection com.mysql.cj.jdbc.ConnectionImpl@5dbd25ef
2023-12-11T12:35:11.234+03:00  INFO 7948 --- [restartedMain] com.zaxxer.hikari.HikariDataSource       : HikariPool-2 - Start completed.
2023-12-11T12:35:11.245+03:00  INFO 7948 --- [restartedMain] org.hibernate.orm.dialect                : HHH035001: Using dialect: org.hibernate.dialect.MySQLDialect, version: 5.7.32
2023-12-11T12:35:11.289+03:00  INFO 7948 --- [restartedMain] o.h.b.i.BytecodeProviderInitiator        : HHH000021: Bytecode provider name : bytebuddy
2023-12-11T12:35:11.706+03:00  INFO 7948 --- [restartedMain] o.h.e.t.j.p.i.JtaPlatformInitiator       : HHH000490: Using JtaPlatform implementation: [org.hibernate.engine.transaction.jta.platform.internal.NoJtaPlatform]
2023-12-11T12:35:11.939+03:00  INFO 7948 --- [restartedMain] j.LocalContainerEntityManagerFactoryBean : Initialized JPA EntityManagerFactory for persistence unit 'default'
2023-12-11T12:35:12.198+03:00  WARN 7948 --- [restartedMain] JpaBaseConfiguration$JpaWebConfiguration : spring.jpa.open-in-view is enabled by default. Therefore, database queries may be performed during view rendering. Explicitly configure spring.jpa.open-in-view to disable this warning
2023-12-11T12:35:12.729+03:00  INFO 7948 --- [restartedMain] o.s.b.d.a.OptionalLiveReloadServer       : LiveReload server is running on port 35729
2023-12-11T12:35:12.735+03:00  INFO 7948 --- [restartedMain] o.s.b.a.e.web.EndpointLinksResolver      : Exposing 1 endpoint(s) beneath base path '/actuator'
2023-12-11T12:35:12.772+03:00  INFO 7948 --- [restartedMain] o.s.b.w.embedded.tomcat.TomcatWebServer  : Tomcat started on port(s): 9090 (http) with context path ''
2023-12-11T12:35:12.782+03:00  INFO 7948 --- [restartedMain] vit.projects.hudeem.HudeemApplication    : Started HudeemApplication in 3.018 seconds (process running for 811.539)
2023-12-11T12:35:12.786+03:00  INFO 7948 --- [restartedMain] .ConditionEvaluationDeltaLoggingListener : Condition evaluation unchanged
2023-12-11T12:35:14.382+03:00  INFO 7948 --- [File Watcher] rtingClassPathChangeChangedEventListener : Restarting due to 5 class path changes (5 additions, 0 deletions, 0 modifications)
2023-12-11T12:35:14.528+03:00  INFO 7948 --- [Thread-7] o.apache.catalina.core.StandardService   : Stopping service [Tomcat]
2023-12-11T12:35:14.599+03:00  INFO 7948 --- [Thread-7] j.LocalContainerEntityManagerFactoryBean : Closing JPA EntityManagerFactory for persistence unit 'default'
2023-12-11T12:35:14.600+03:00  INFO 7948 --- [Thread-7] com.zaxxer.hikari.HikariDataSource       : HikariPool-2 - Shutdown initiated...
2023-12-11T12:35:14.614+03:00  INFO 7948 --- [Thread-7] com.zaxxer.hikari.HikariDataSource       : HikariPool-2 - Shutdown completed.
2023-12-11T12:35:14.738+03:00  INFO 7948 --- [restartedMain] vit.projects.hudeem.HudeemApplication    : Starting HudeemApplication using Java 20.0.1 with PID 7948 (E:\Projects\VitRepo\hudeem\build\classes\java\main started by adria in E:\Projects\VitRepo\hudeem)
2023-12-11T12:35:14.738+03:00  INFO 7948 --- [restartedMain] vit.projects.hudeem.HudeemApplication    : No active profile set, falling back to 1 default profile: "default"
2023-12-11T12:35:16.162+03:00  INFO 7948 --- [restartedMain] .s.d.r.c.RepositoryConfigurationDelegate : Bootstrapping Spring Data JPA repositories in DEFAULT mode.
2023-12-11T12:35:16.186+03:00  INFO 7948 --- [restartedMain] .s.d.r.c.RepositoryConfigurationDelegate : Finished Spring Data repository scanning in 24 ms. Found 4 JPA repository interfaces.
2023-12-11T12:35:16.430+03:00  INFO 7948 --- [restartedMain] o.s.b.w.embedded.tomcat.TomcatWebServer  : Tomcat initialized with port(s): 9090 (http)
2023-12-11T12:35:16.430+03:00  INFO 7948 --- [restartedMain] o.apache.catalina.core.StandardService   : Starting service [Tomcat]
2023-12-11T12:35:16.430+03:00  INFO 7948 --- [restartedMain] o.apache.catalina.core.StandardEngine    : Starting Servlet engine: [Apache Tomcat/10.1.8]
2023-12-11T12:35:16.501+03:00  INFO 7948 --- [restartedMain] o.a.c.c.C.[Tomcat].[localhost].[/]       : Initializing Spring embedded WebApplicationContext
2023-12-11T12:35:16.501+03:00  INFO 7948 --- [restartedMain] w.s.c.ServletWebServerApplicationContext : Root WebApplicationContext: initialization completed in 1760 ms
2023-12-11T12:35:16.935+03:00 DEBUG 7948 --- [restartedMain] o.s.w.f.CommonsRequestLoggingFilter      : Filter 'logFilter' configured for use
2023-12-11T12:35:17.164+03:00  INFO 7948 --- [restartedMain] o.hibernate.jpa.internal.util.LogHelper  : HHH000204: Processing PersistenceUnitInfo [name: default]
2023-12-11T12:35:17.179+03:00  INFO 7948 --- [restartedMain] o.h.b.i.BytecodeProviderInitiator        : HHH000021: Bytecode provider name : bytebuddy
2023-12-11T12:35:17.179+03:00  INFO 7948 --- [restartedMain] o.s.o.j.p.SpringPersistenceUnitInfo      : No LoadTimeWeaver setup: ignoring JPA class transformer
2023-12-11T12:35:17.181+03:00  INFO 7948 --- [restartedMain] com.zaxxer.hikari.HikariDataSource       : HikariPool-3 - Starting...
2023-12-11T12:35:17.260+03:00  INFO 7948 --- [restartedMain] com.zaxxer.hikari.pool.HikariPool        : HikariPool-3 - Added connection com.mysql.cj.jdbc.ConnectionImpl@5a91768c
2023-12-11T12:35:17.260+03:00  INFO 7948 --- [restartedMain] com.zaxxer.hikari.HikariDataSource       : HikariPool-3 - Start completed.
2023-12-11T12:35:17.287+03:00  INFO 7948 --- [restartedMain] org.hibernate.orm.dialect                : HHH035001: Using dialect: org.hibernate.dialect.MySQLDialect, version: 5.7.32
2023-12-11T12:35:17.323+03:00  INFO 7948 --- [restartedMain] o.h.b.i.BytecodeProviderInitiator        : HHH000021: Bytecode provider name : bytebuddy
2023-12-11T12:35:17.517+03:00  INFO 7948 --- [restartedMain] o.h.e.t.j.p.i.JtaPlatformInitiator       : HHH000490: Using JtaPlatform implementation: [org.hibernate.engine.transaction.jta.platform.internal.NoJtaPlatform]
2023-12-11T12:35:17.717+03:00  INFO 7948 --- [restartedMain] j.LocalContainerEntityManagerFactoryBean : Initialized JPA EntityManagerFactory for persistence unit 'default'
2023-12-11T12:35:17.827+03:00  WARN 7948 --- [restartedMain] JpaBaseConfiguration$JpaWebConfiguration : spring.jpa.open-in-view is enabled by default. Therefore, database queries may be performed during view rendering. Explicitly configure spring.jpa.open-in-view to disable this warning
2023-12-11T12:35:18.022+03:00  INFO 7948 --- [restartedMain] o.s.b.d.a.OptionalLiveReloadServer       : LiveReload server is running on port 35729
2023-12-11T12:35:18.027+03:00  INFO 7948 --- [restartedMain] o.s.b.a.e.web.EndpointLinksResolver      : Exposing 1 endpoint(s) beneath base path '/actuator'
2023-12-11T12:35:18.053+03:00  INFO 7948 --- [restartedMain] o.s.b.w.embedded.tomcat.TomcatWebServer  : Tomcat started on port(s): 9090 (http) with context path ''
2023-12-11T12:35:18.065+03:00  INFO 7948 --- [restartedMain] vit.projects.hudeem.HudeemApplication    : Started HudeemApplication in 3.357 seconds (process running for 816.822)
2023-12-11T12:35:18.068+03:00  INFO 7948 --- [restartedMain] .ConditionEvaluationDeltaLoggingListener : Condition evaluation unchanged
2023-12-11T12:35:27.458+03:00  INFO 7948 --- [File Watcher] rtingClassPathChangeChangedEventListener : Restarting due to 48 class path changes (0 additions, 48 deletions, 0 modifications)
2023-12-11T12:35:27.692+03:00  INFO 7948 --- [Thread-11] o.apache.catalina.core.StandardService   : Stopping service [Tomcat]
2023-12-11T12:35:27.700+03:00  INFO 7948 --- [Thread-11] j.LocalContainerEntityManagerFactoryBean : Closing JPA EntityManagerFactory for persistence unit 'default'
2023-12-11T12:35:27.705+03:00  INFO 7948 --- [Thread-11] com.zaxxer.hikari.HikariDataSource       : HikariPool-3 - Shutdown initiated...
2023-12-11T12:35:27.820+03:00  INFO 7948 --- [Thread-11] com.zaxxer.hikari.HikariDataSource       : HikariPool-3 - Shutdown completed.
